<?xml version="1.0" encoding="UTF-8"?>
<!-- Generated by org.testng.reporters.JUnitReportReporter -->
<testsuite name="com.datadriven.passportpage.tests.PassportTest" tests="6" time="67.617" ignored="0" failures="0" timestamp="30 May 2018 09:40:14 GMT" skipped="0" hostname="NEWNODE64" errors="0">
  <testcase name="freeCRMTest" time="10.075" classname="com.datadriven.passportpage.tests.PassportTest"/>
  <testcase name="freeCRMTest" time="19.140" classname="com.datadriven.passportpage.tests.PassportTest"/>
  <testcase name="freeCRMTest" time="11.077" classname="com.datadriven.passportpage.tests.PassportTest"/>
  <testcase name="freeCRMTest" time="8.964" classname="com.datadriven.passportpage.tests.PassportTest"/>
  <testcase name="freeCRMTest" time="9.745" classname="com.datadriven.passportpage.tests.PassportTest"/>
  <testcase name="freeCRMTest" time="8.616" classname="com.datadriven.passportpage.tests.PassportTest"/>
</testsuite> <!-- com.datadriven.passportpage.tests.PassportTest -->
