<?xml version="1.0" encoding="UTF-8"?>
<!-- Generated by org.testng.reporters.JUnitReportReporter -->
<testsuite name="com.datadriven.freecrm.CreateNewCompany" tests="1" time="30.790" ignored="0" failures="0" timestamp="29 Jun 2018 10:00:46 GMT" skipped="0" hostname="NEWNODE64" errors="0">
  <testcase name="ContactsTest" time="30.790" classname="com.datadriven.freecrm.CreateNewCompany"/>
</testsuite> <!-- com.datadriven.freecrm.CreateNewCompany -->
