<?xml version="1.0" encoding="UTF-8"?>
<!-- Generated by org.testng.reporters.JUnitReportReporter -->
<testsuite name="com.datadriven.passportpage.tests.Passporttest2" tests="1" time="8.930" ignored="0" failures="0" timestamp="12 Jun 2018 10:56:27 GMT" skipped="0" hostname="NEWNODE64" errors="0">
  <testcase name="fillingtheForm" time="8.930" classname="com.datadriven.passportpage.tests.Passporttest2"/>
</testsuite> <!-- com.datadriven.passportpage.tests.Passporttest2 -->
