<?xml version="1.0" encoding="UTF-8"?>
<!-- Generated by org.testng.reporters.JUnitReportReporter -->
<testsuite name="com.datadriven.freecrm.CreateNewCompany2" tests="2" time="27.353" ignored="0" failures="0" timestamp="26 Jul 2018 12:49:06 GMT" skipped="0" hostname="NEWNODE64" errors="0">
  <testcase name="loginTest" time="13.968" classname="com.datadriven.freecrm.CreateNewCompany2"/>
  <testcase name="loginTest" time="13.385" classname="com.datadriven.freecrm.CreateNewCompany2"/>
</testsuite> <!-- com.datadriven.freecrm.CreateNewCompany2 -->
