<?xml version="1.0" encoding="UTF-8"?>
<!-- Generated by org.testng.reporters.JUnitReportReporter -->
<testsuite name="com.datadriven.passportpage.tests.PassportTest" tests="6" time="56.209" ignored="0" failures="0" timestamp="26 Jul 2018 12:18:45 GMT" skipped="0" hostname="NEWNODE64" errors="0">
  <testcase name="freeCRMTest" time="8.944" classname="com.datadriven.passportpage.tests.PassportTest"/>
  <testcase name="freeCRMTest" time="11.692" classname="com.datadriven.passportpage.tests.PassportTest"/>
  <testcase name="freeCRMTest" time="7.854" classname="com.datadriven.passportpage.tests.PassportTest"/>
  <testcase name="freeCRMTest" time="9.428" classname="com.datadriven.passportpage.tests.PassportTest"/>
  <testcase name="freeCRMTest" time="9.242" classname="com.datadriven.passportpage.tests.PassportTest"/>
  <testcase name="freeCRMTest" time="9.049" classname="com.datadriven.passportpage.tests.PassportTest"/>
</testsuite> <!-- com.datadriven.passportpage.tests.PassportTest -->
